392739: Puppet id = [3767]
[notice: /Stage[main]/Packages/Package[libxklavier]/ensure: created]
[notice: /Stage[main]/Packages/Package[libxcb-doc]/ensure: created]
[notice: /Stage[main]/Packages/Package[ant]/ensure: created]
[notice: /Stage[main]/Packages/Package[perl-DBD-MySQL]/ensure: created]
[notice: /Stage[main]/Packages/Package[libXt]/ensure: created]
[notice: /Stage[main]/Packages/Package[unixODBC-devel]/ensure: created]
[notice: /Stage[main]/Packages/Package[libXdmcp-devel]/ensure: created]
[notice: /Stage[main]/Packages/Package[xorg-x11-fonts-75dpi]/ensure: created]
[notice: /Stage[main]/Packages/Package[graphviz]/ensure: created]
[notice: /Stage[main]/Packages/Package[ltrace]/ensure: created]
[notice: /Stage[main]/Packages/Package[libXxf86dga-devel]/ensure: created]
[notice: /Stage[main]/Packages/Package[xorg-x11-utils]/ensure: created]
[notice: /Stage[main]/Packages/Package[texinfo]/ensure: created]
[notice: /Stage[main]/Packages/Package[xorg-x11-resutils]/ensure: created]
[notice: /Stage[main]/Packages/Package[xorg-x11-xauth]/ensure: created]
[notice: /Stage[main]/Packages/Package[xorg-x11-xbitmaps]/ensure: created]
[notice: /Stage[main]/Packages/Package[libXfont-devel]/ensure: created]
[notice: /Stage[main]/Packages/Package[libXcomposite-devel]/ensure: created]
[notice: /Stage[main]//File[/usr/local/src/downloads]/ensure: created]
[notice: /Stage[main]/Boost/Exec[download-boost]/returns: executed successfully]
[notice: /Stage[main]/Boost/Exec[untar-boost-source]/returns: executed successfully]
[notice: /Stage[main]/Packages/Package[make]/ensure: created]
[notice: /Stage[main]/Packages/Package[xorg-x11-fonts-misc]/ensure: created]
[notice: /Stage[main]/Packages/Package[libFS-devel]/ensure: created]
[notice: /Stage[main]/Packages/Package[xorg-x11-server-utils]/ensure: created]
[notice: /Stage[main]/Packages/Package[libXevie]/ensure: created]
[notice: /Stage[main]/Packages/Package[libcurl-devel]/ensure: created]
[notice: /Stage[main]/Packages/Package[libXxf86vm-devel]/ensure: created]
[notice: /Stage[main]/Packages/Package[libxml2-static]/ensure: created]
[notice: /Stage[main]/Packages/Package[xorg-x11-xkb-extras]/ensure: created]
[notice: /Stage[main]/Syslog/File[/etc/rsyslog.conf]/content: content changed '{md5}1546d42877de6ce04adbd9d5966e9106' to '{md5}aced0f03e96ed3600863dacf78944ef3']
[notice: /Stage[main]/Syslog/Service[rsyslog]: Triggered 'refresh' from 1 events]
[notice: /Stage[main]/Packages/Package[gcc]/ensure: created]
[notice: /Stage[main]/Packages/Package[gdb]/ensure: created]
[notice: /Stage[main]/Packages/Package[libXrandr-devel]/ensure: created]
[notice: /Stage[main]/Packages/Package[xorg-x11-fonts-ISO8859-2-100dpi]/ensure: created]
[notice: /Stage[main]/Packages/Package[xorg-x11-fonts-ISO8859-2-75dpi]/ensure: created]
[notice: /Stage[main]/Packages/Package[xorg-x11-server-source]/ensure: created]
[notice: /Stage[main]/Packages/Package[openssl-devel]/ensure: created]
[notice: /Stage[main]/Packages/Package[libXp-devel]/ensure: created]
[notice: /Stage[main]/Packages/Package[xorg-x11-server-Xnest]/ensure: created]
[notice: /Stage[main]/Packages/Package[perl-FCGI]/ensure: created]
[notice: /Stage[main]/Packages/Package[xorg-x11-fonts-cyrillic]/ensure: created]
[notice: /Stage[main]/Packages/Package[rpmdevtools]/ensure: created]
[notice: /Stage[main]/Packages/Package[libXft-devel]/ensure: created]
[notice: /Stage[main]/Packages/Package[libXinerama-devel]/ensure: created]
[notice: /Stage[main]/Packages/Package[xorg-x11-fonts-ethiopic]/ensure: created]
[notice: /Stage[main]/Packages/Package[libXpm-devel]/ensure: created]
[notice: /Stage[main]/Packages/Package[libdmx-devel]/ensure: created]
[notice: /Stage[main]/Packages/Package[xorg-x11-xfs]/ensure: created]
[notice: /Stage[main]/User::Roles/User::Satrapade[itrade]/User[itrade]/ensure: created]
[notice: /Stage[main]/User::Roles/User::Satrapade[itrade]/File[/home/itrade]/mode: mode changed '700' to '711']
[notice: /Stage[main]/User::Roles/User::Satrapade[itrade]/File[/home/itrade/.ssh]/ensure: created]
[notice: /Stage[main]/User::Roles/User::Satrapade[itrade]/File[/home/itrade/.ssh/known_hosts]/ensure: created]
[notice: /Stage[main]/User::Roles/User::Satrapade[itrade]/File[/home/itrade/.forward]/ensure: defined content as '{md5}61ba7c5f62eeace4d02d3f643f99a2d1']
[notice: /Stage[main]/User::Roles/User::Satrapade[algo]/User[algo]/ensure: created]
[notice: /Stage[main]/User::Roles/User::Satrapade[algo]/File[/home/algo/.forward]/ensure: defined content as '{md5}6d0b7ee48587bc7fcac8ba51c7110cdf']
[notice: /Stage[main]/User::Roles/User::Satrapade[algo]/File[/home/algo/.ssh]/ensure: created]
[notice: /Stage[main]/User::Roles/User::Satrapade[algo]/File[/home/algo/.ssh/known_hosts]/ensure: created]
[notice: /Stage[main]/User::Keys/File[/usr/local/bin/update-keystore]/ensure: defined content as '{md5}a00f85c9b2c93e4ae69d3c23d01a010f']
[notice: /Stage[main]/Syslog/File[/var/log/satrapade]/group: group changed 'root' to 'algo']
[notice: /Stage[main]/Syslog/File[/var/log/satrapade]/mode: mode changed '600' to '640']
[notice: /Stage[main]/User::Keys/File[/tmp/keystore.tar.gz.aes-256-cbc.base64]/ensure: defined content as '{md5}faee888c53b809ab9dde7e5e7c9d8547']
[notice: /Stage[main]/User::Keys/User::Key[/root/.aws-secrets]/Exec[key-/root/.aws-secrets]/returns: executed successfully]
[notice: /Stage[main]/User::Keys/User::Key[/home/algo/.my.cnf]/Exec[key-/home/algo/.my.cnf]/returns: executed successfully]
[notice: /Stage[main]/User::Keys/User::Key[/home/algo/.ssh/id_rsa]/Exec[key-/home/algo/.ssh/id_rsa]/returns: executed successfully]
[notice: /Stage[main]/User::Keys/User::Key[/root/.ec2/]/Exec[key-/root/.ec2/]/returns: executed successfully]
[notice: /Stage[main]/User::Keys/User::Key[/home/itrade/.ssh/id_rsa]/Exec[key-/home/itrade/.ssh/id_rsa]/returns: executed successfully]
[notice: /Stage[main]/User::Keys/User::Key[/home/itrade/.my.cnf]/Exec[key-/home/itrade/.my.cnf]/returns: executed successfully]
[notice: /Stage[main]/User::Root/File[/root/.ssh/known_hosts]/mode: mode changed '600' to '644']
[notice: /Stage[main]/User::Algo/Exec[algo-git]/returns: executed successfully]
[notice: /Stage[main]/User::Itrade/File[/home/itrade/src]/ensure: created]
[notice: /Stage[main]/User::Itrade/Exec[itrade-git]/returns: executed successfully]
[notice: /Stage[main]/User::Itrade/Exec[itrade-make-update-R]/returns: executed successfully]
[notice: /Stage[main]/User::Itrade/Exec[itrade-make-update-db]/returns: executed successfully]
[notice: /Stage[main]/User::Root/File[/root/.bash_profile]/content: content changed '{md5}3e8337f44f84b298a8a99869ae8ca76a' to '{md5}e39a8e0c474b76501967a4e47117e18f']
[notice: /Stage[main]/Packages/Package[xorg-x11-fonts-ISO8859-1-75dpi]/ensure: created]
[notice: /Stage[main]/Packages/Package[xorg-x11-util-macros]/ensure: created]
[notice: /Stage[main]/Packages/Package[xorg-x11-xtrans-devel]/ensure: created]
[notice: /Stage[main]/Packages/Package[mysql-connector-odbc]/ensure: created]
[notice: /Stage[main]/Packages/Package[xorg-x11-xfs-utils]/ensure: created]
[notice: /Stage[main]/Packages/Package[libxklavier-devel]/ensure: created]
[notice: /Stage[main]/Mail::Aliases/Mailalias[rjobs]/ensure: created]
[notice: /Stage[main]/Mail::Aliases/Exec[newaliases]: Triggered 'refresh' from 1 events]
[notice: /Stage[main]/Packages/Package[libXmu-devel]/ensure: created]
[notice: /Stage[main]/Packages/Package[libxkbfile-devel]/ensure: created]
[notice: /Stage[main]/Packages/Package[xorg-x11-xsm]/ensure: created]
[notice: /Stage[main]/Packages/Package[xorg-x11-fonts-ISO8859-15-100dpi]/ensure: created]
[notice: /Stage[main]/Packages/Package[perl-CGI]/ensure: created]
[notice: /Stage[main]/Packages/Package[xorg-x11-fonts-ISO8859-14-100dpi]/ensure: created]
[notice: /Stage[main]/Packages/Package[xorg-x11-server-Xvfb]/ensure: created]
[notice: /Stage[main]/Packages/Package[xorg-x11-fonts-ISO8859-9-75dpi]/ensure: created]
[notice: /Stage[main]/Nginx/Package[nginx]/ensure: created]
[notice: /Stage[main]/Nginx/File[/etc/nginx/nginx.conf]/content: content changed '{md5}fcd397a5c84594c1478a5403048e7ba2' to '{md5}007f0f383ff4b6c2d68370baaca5a157']
[notice: /Stage[main]/Nginx/File[/etc/nginx/nginx.conf]/mode: mode changed '644' to '600']
[notice: /Stage[main]/Packages/Package[libXdamage-devel]/ensure: created]
[notice: /Stage[main]/Packages/Package[libXres-devel]/ensure: created]
[notice: /Stage[main]/Packages/Package[telnet]/ensure: created]
[notice: /Stage[main]/Packages/Package[libXvMC]/ensure: created]
[notice: /Stage[main]/Packages/Package[readline-devel]/ensure: created]
[notice: /Stage[main]/Packages/Package[xorg-x11-fonts-ISO8859-14-75dpi]/ensure: created]
[notice: /Stage[main]/Packages/Package[libXevie-devel]/ensure: created]
[notice: /Stage[main]/Packages/Package[libXtst-devel]/ensure: created]
[notice: /Stage[main]/Packages/Package[mailx]/ensure: created]
[notice: /Stage[main]/Packages/Package[libXaw-devel]/ensure: created]
[notice: /Stage[main]/Packages/Package[xorg-x11-fonts-Type1]/ensure: created]
[notice: /Stage[main]/Packages/Package[pango-devel]/ensure: created]
[notice: /Stage[main]/Packages/Package[libxslt-devel]/ensure: created]
[notice: /Stage[main]/Packages/Package[xorg-x11-apps]/ensure: created]
[notice: /Stage[main]/User::Root/Exec[root-make]/returns: executed successfully]
[notice: /Stage[main]/User::Web/Exec[data-git]/returns: executed successfully]
[notice: /Stage[main]/Packages/Package[xorg-x11-xdm]/ensure: created]
[notice: /Stage[main]/Packages/Package[pam-devel]/ensure: created]
[notice: /Stage[main]/Packages/Package[libuuid-devel]/ensure: created]
[notice: /Stage[main]/Packages/Package[xorg-x11-fonts-100dpi]/ensure: created]
[notice: /Stage[main]/Packages/Package[mlocate]/ensure: created]
[notice: /Stage[main]/Convenience/Exec[/usr/bin/updatedb]/returns: executed successfully]
[notice: /Stage[main]/Packages/Package[libXvMC-devel]/ensure: created]
[notice: /Stage[main]/Packages/Package[libXcursor-devel]/ensure: created]
[notice: /Stage[main]/Packages/Package[tetex-tex4ht]/ensure: created]
[notice: /Stage[main]/Packages/Package[libXxf86misc-devel]/ensure: created]
[notice: /Stage[main]/Packages/Package[libxslt-python]/ensure: created]
[notice: /Stage[main]/Packages/Package[gcc-gfortran]/ensure: created]
[notice: /Stage[main]/Packages/Package[libxcb-python]/ensure: created]
[notice: /Stage[main]/Packages/Package[xorg-x11-fonts-ISO8859-1-100dpi]/ensure: created]
[notice: /Stage[main]/Packages/Package[perl-HTML-Tree]/ensure: created]
[notice: /Stage[main]/Packages/Package[mysql]/ensure: created]
[notice: /Stage[main]/Mysql/File[/etc/odbc.ini]/content: content changed '{md5}d41d8cd98f00b204e9800998ecf8427e' to '{md5}0febceb6a7bc948c6d5715df22c8dda0']
[notice: /Stage[main]/R/Download[R-2.15.0.tar.gz]/Exec[R-2.15.0.tar.gz]/returns: executed successfully]
[notice: /Stage[main]/R/Exec[untar-R-source]/returns: executed successfully]
[notice: /Stage[main]/R/File[/tmp/connections.patch]/ensure: defined content as '{md5}2a6ef904a519caaf3f034bccb39e2bc6']
[notice: /Stage[main]/Packages/Package[postfix]/ensure: created]
[notice: /Stage[main]/Mail/Package[sendmail]/ensure: removed]
[notice: /Stage[main]/Mail/File[/etc/postfix/main.cf]/content: content changed '{md5}49b648101b0e361231a977aa89e0dd60' to '{md5}305dd65e6b0f206f14f7fb42c428a244']
[notice: /Stage[main]/Mail/Service[postfix]/ensure: ensure changed 'stopped' to 'running']
[notice: /Stage[main]/Mail/Service[postfix]: Triggered 'refresh' from 1 events]
[notice: /Stage[main]/Syslog/File[/etc/logrotate.d/satrapade]/ensure: defined content as '{md5}1aa0a324ce684fe980a4b01d272dfac7']
[notice: /Stage[main]/Packages/Package[gcc-c++]/ensure: created]
[notice: /Stage[main]/Boost/Exec[bootstrap]/returns: executed successfully]
[notice: /Stage[main]/R/Exec[patch-R-source]/returns: executed successfully]
[notice: /Stage[main]/Packages/Package[xorg-x11-fonts-ISO8859-9-100dpi]/ensure: created]
[notice: /Stage[main]/Nginx/User[web]/ensure: created]
[notice: /Stage[main]/Nginx/File[/home/web]/ensure: created]
[notice: /Stage[main]/Nginx/Service[nginx]/ensure: ensure changed 'stopped' to 'running']
[notice: /Stage[main]/Nginx/Service[nginx]: Triggered 'refresh' from 2 events]
[notice: /Stage[main]/User::Web/File[/home/web/public_html/]/ensure: created]
[notice: /Stage[main]/User::Web/Exec[data-static]/returns: executed successfully]
[notice: /Stage[main]/Packages/Package[xorg-x11-fonts-ISO8859-15-75dpi]/ensure: created]
[notice: /Stage[main]/Packages/Package[xorg-x11-server-Xephyr]/ensure: created]
[notice: /Stage[main]/Packages/Package[bzip2-devel]/ensure: created]
[notice: /Stage[main]/Packages/Package[cmake]/ensure: created]
[notice: /Stage[main]/User::Web/Exec[data-reports]/returns: executed successfully]
[notice: /Stage[main]/User::Web/Service[table-browser]/enable: enable changed 'false' to 'true']
[notice: /Stage[main]/Boost/Exec[make-boost]/returns: executed successfully]
[notice: /Stage[main]/R/Exec[configure-R]/returns: executed successfully]
[notice: /Stage[main]/R/Exec[make-R]/returns: executed successfully]
[notice: /Stage[main]/R/Exec[check-R]/returns: executed successfully]
[notice: /Stage[main]/R/Exec[install-R]/returns: executed successfully]
[notice: /Stage[main]/Rstudio/User[rstudio-server]/ensure: created]
[notice: /Stage[main]/R::Packages/R::Package[fastICA]/Exec[R-package-install-fastICA]/returns: executed successfully]
[notice: /Stage[main]/R::Packages/R::Package[minqa]/Exec[R-package-install-minqa]/returns: executed successfully]
[notice: /Stage[main]/R::Packages/R::Package[zoo]/Exec[R-package-install-zoo]/returns: executed successfully]
[notice: /Stage[main]/R::Packages/R::Package[corpcor]/Exec[R-package-install-corpcor]/returns: executed successfully]
[notice: /Stage[main]/R::Packages/R::Package[igraph]/Exec[R-package-install-igraph]/returns: executed successfully]
[notice: /Stage[main]/R::Packages/R::Package[kernlab]/Exec[R-package-install-kernlab]/returns: executed successfully]
[notice: /Stage[main]/R::Packages/R::Package[snow]/Exec[R-package-install-snow]/returns: executed successfully]
[notice: /Stage[main]/R::Packages/R::Package[tseries]/Exec[R-package-install-tseries]/returns: executed successfully]
[notice: /Stage[main]/R::Amazons3/Download[RAmazonS3_0.1-5.tar.gz]/Exec[RAmazonS3_0.1-5.tar.gz]/returns: executed successfully]
[notice: /Stage[main]/R::Amazons3/Exec[untar-ramazons3]/returns: executed successfully]
[notice: /Stage[main]/R::Packages/R::Package[e1071]/Exec[R-package-install-e1071]/returns: executed successfully]
[notice: /Stage[main]/Rstudio/File[/usr/sbin/rstudio-server]/ensure: created]
[notice: /Stage[main]/Rstudio/Download[v0.95.265]/Exec[v0.95.265]/returns: executed successfully]
[notice: /Stage[main]/Rstudio/Exec[untar-RStudio-source]/returns: executed successfully]
[notice: /Stage[main]/Rstudio/Exec[dependencies-RStudio-gwt]/returns: executed successfully]
[notice: /Stage[main]/Rstudio/File[/usr/local/src/rstudio-rstudio-e31bd49/build]/ensure: created]
[notice: /Stage[main]/Rstudio/Exec[cmake-RStudio]/returns: executed successfully]
[notice: /Stage[main]/Rstudio/Exec[install-RStudio]/returns: executed successfully]
[notice: /Stage[main]/Rstudio/File[/etc/init.d/rstudio-server]/ensure: defined content as '{md5}0d4e168d5c8bed64058389b4993f849d']
[notice: /Stage[main]/Rstudio/File[/etc/pam.d/rstudio]/ensure: defined content as '{md5}a0707fd64099efbdaa658ab156c83380']
[notice: /Stage[main]/R::Amazons3/R::Package[XML]/Exec[R-package-install-XML]/returns: executed successfully]
[notice: /Stage[main]/R::Amazons3/R::Package[RCurl]/Exec[R-package-install-RCurl]/returns: executed successfully]
[notice: /Stage[main]/R::Packages/R::Package[flexmix]/Exec[R-package-install-flexmix]/returns: executed successfully]
[notice: /Stage[main]/R::Packages/R::Package[inline]/Exec[R-package-install-inline]/returns: executed successfully]
[notice: /Stage[main]/Rstudio/File[/etc/rstudio]/ensure: created]
[notice: /Stage[main]/Rstudio/Group[rstudio-users]/ensure: created]
[notice: /Stage[main]/User::Persons/User::Satrapade[mpontil]/User[mpontil]/ensure: created]
[notice: /Stage[main]/User::Persons/User::Satrapade[mpontil]/Exec[su mpontil -c "cd /; git config --global user.name 'Massimiliano Pontil'; git config --global user.email 'm.pontil@cs.ucl.ac.uk'"]/returns: executed successfully]
[notice: /Stage[main]/User::Persons/User::Satrapade[mpontil]/File[/home/mpontil/.forward]/ensure: defined content as '{md5}2c55b24ca24fd604ce15c68f880147a6']
[notice: /Stage[main]/User::Persons/User::Satrapade[mpontil]/File[/home/mpontil/.ssh]/ensure: created]
[notice: /Stage[main]/User::Persons/User::Satrapade[mpontil]/File[/home/mpontil/.ssh/known_hosts]/ensure: created]
[notice: /Stage[main]/User::Persons/User::Satrapade[dds]/User[dds]/ensure: created]
[notice: /Stage[main]/User::Persons/User::Satrapade[dds]/File[/home/dds/.ssh]/ensure: created]
[notice: /Stage[main]/User::Persons/User::Satrapade[dds]/File[/home/dds/.ssh/known_hosts]/ensure: created]
[notice: /Stage[main]/User::Persons/User::Satrapade[dds]/Exec[su dds -c "cd /; git config --global user.name 'Diomidis Spinellis'; git config --global user.email 'dds@aueb.gr'"]/returns: executed successfully]
[notice: /Stage[main]/User::Persons/User::Satrapade[dds]/File[/home/dds/.forward]/ensure: defined content as '{md5}61ba7c5f62eeace4d02d3f643f99a2d1']
[notice: /Stage[main]/User::Persons/User::Satrapade[nassuphis]/User[nassuphis]/ensure: created]
[notice: /Stage[main]/User::Persons/User::Satrapade[nassuphis]/Exec[su nassuphis -c "cd /; git config --global user.name 'Nick Nassuphis'; git config --global user.email 'nicknassuphis@googlemail.com'"]/returns: executed successfully]
[notice: /Stage[main]/User::Persons/User::Satrapade[nassuphis]/File[/home/nassuphis/.ssh]/ensure: created]
[notice: /Stage[main]/User::Persons/User::Satrapade[nassuphis]/File[/home/nassuphis/.ssh/known_hosts]/ensure: created]
[notice: /Stage[main]/User::Persons/User::Satrapade[nassuphis]/File[/home/nassuphis/.forward]/ensure: defined content as '{md5}64b83cecffb0c8d7e6408fd1dbf44778']
[notice: /Stage[main]/Rstudio/File[/etc/rstudio/rserver.conf]/ensure: defined content as '{md5}dee17260527bfa64f5b813b0a7e0700d']
[notice: /Stage[main]/Rstudio/Service[rstudio-server]/ensure: ensure changed 'stopped' to 'running']
[notice: /Stage[main]/Rstudio/Service[rstudio-server]: Triggered 'refresh' from 1 events]
[notice: /Stage[main]/User::Persons/User::Satrapade[tevgeniou]/User[tevgeniou]/ensure: created]
[notice: /Stage[main]/User::Persons/User::Satrapade[tevgeniou]/File[/home/tevgeniou/.forward]/ensure: defined content as '{md5}4396cf19945f385fd49d93fc323cae84']
[notice: /Stage[main]/User::Persons/User::Satrapade[tevgeniou]/File[/home/tevgeniou/.ssh]/ensure: created]
[notice: /Stage[main]/User::Persons/User::Satrapade[tevgeniou]/File[/home/tevgeniou/.ssh/known_hosts]/ensure: created]
[notice: /Stage[main]/User::Persons/User::Satrapade[tevgeniou]/Exec[su tevgeniou -c "cd /; git config --global user.name 'Theodoros Evgeniou'; git config --global user.email 'theodoros.evgeniou@insead.edu'"]/returns: executed successfully]
[notice: /Stage[main]/R::Amazons3/R::Package[digest]/Exec[R-package-install-digest]/returns: executed successfully]
[notice: /Stage[main]/R::Amazons3/Exec[configure-ramazons3]/returns: executed successfully]
[notice: /Stage[main]/R::Amazons3/Exec[install-ramazons3]/returns: executed successfully]
[notice: /Stage[main]/R::Packages/R::Package[multicore]/Exec[R-package-install-multicore]/returns: executed successfully]
[notice: /Stage[main]/R::Packages/R::Package[RODBC]/Exec[R-package-install-RODBC]/returns: executed successfully]
[notice: /Stage[main]/R::Packages/R::Package[cheb]/Exec[R-package-install-cheb]/returns: executed successfully]
[notice: /Stage[main]/R::Packages/R::Package[glasso]/Exec[R-package-install-glasso]/returns: executed successfully]
[notice: Finished catalog run in 8096.85 seconds]
